<?xml version="1.0" encoding="UTF-8"?>
<!-- Generated by org.testng.reporters.JUnitReportReporter -->
<testsuite hostname="DESKTOP-DRA2MG1" failures="0" tests="2" name="testcases.RegistrationTestCases" time="7.737" errors="0" timestamp="2024-01-16T08:09:38 IST" skipped="0">
  <testcase classname="testcases.RegistrationTestCases" name="verifyRegisterationWithBlankData" time="4.762"/>
  <system-out/>
  <testcase classname="testcases.RegistrationTestCases" name="verifyRegisterationWithValidData" time="2.975"/>
  <system-out/>
</testsuite> <!-- testcases.RegistrationTestCases -->
