<?xml version="1.0" encoding="UTF-8"?>
<!-- Generated by org.testng.reporters.JUnitReportReporter -->
<testsuite hostname="DESKTOP-DRA2MG1" failures="0" tests="1" name="testcases.LoginTestCases" time="3.239" errors="0" timestamp="2024-01-16T08:09:38 IST" skipped="0">
  <testcase classname="testcases.LoginTestCases" name="verifyLogin" time="3.239"/>
  <system-out/>
</testsuite> <!-- testcases.LoginTestCases -->
